<?xml version="1.0" encoding="UTF-8"?>
<!-- Generated by org.testng.reporters.JUnitReportReporter -->
<testsuite skipped="0" hostname="MUNA-PC" name="com.ip.testngdemo.FirstTestNGTest" tests="3" failures="0" timestamp="03 Sep 2020 14:35:44 GMT" time="0.003" errors="0">
  <testcase name="getNonExistingUserReturnsNull" time="0.000" classname="com.ip.testngdemo.FirstTestNGTest"/>
  <testcase name="successfulAddUserReturnsTrue" time="0.000" classname="com.ip.testngdemo.FirstTestNGTest"/>
  <testcase name="getExistingUserReturnsExistingSavedUser" time="0.003" classname="com.ip.testngdemo.FirstTestNGTest"/>
</testsuite> <!-- com.ip.testngdemo.FirstTestNGTest -->
